TN:
SF:src\modules\countries\services\CreateCountryService.ts
FN:14,(anonymous_18)
FN:15,CreateCountryService
FN:22,(anonymous_20)
FNF:3
FNH:3
FNDA:1,(anonymous_18)
FNDA:2,CreateCountryService
FNDA:3,(anonymous_20)
DA:1,1
DA:2,1
DA:14,1
DA:17,2
DA:22,3
DA:23,3
DA:27,3
DA:28,1
DA:31,2
DA:36,2
DA:38,1
DA:40,1
LF:12
LH:12
BRDA:23,0,0,3
BRDA:27,1,0,1
BRDA:27,1,1,2
BRF:3
BRH:3
end_of_record
TN:
SF:src\modules\countries\services\FindCountriesService.ts
FN:8,(anonymous_17)
FN:9,FindCountriesService
FN:16,(anonymous_19)
FNF:3
FNH:3
FNDA:1,(anonymous_17)
FNDA:1,FindCountriesService
FNDA:1,(anonymous_19)
DA:1,1
DA:8,1
DA:11,1
DA:16,1
DA:17,1
DA:19,1
DA:21,1
DA:23,1
LF:8
LH:8
BRDA:17,0,0,1
BRF:1
BRH:1
end_of_record
TN:
SF:src\modules\countries\services\RemoveCountryService.ts
FN:11,(anonymous_18)
FN:12,RemoveCountryService
FN:19,(anonymous_20)
FNF:3
FNH:3
FNDA:1,(anonymous_18)
FNDA:2,RemoveCountryService
FNDA:2,(anonymous_20)
DA:1,1
DA:2,1
DA:11,1
DA:14,2
DA:19,2
DA:20,2
DA:22,2
DA:23,1
DA:26,2
DA:28,1
DA:30,1
LF:11
LH:11
BRDA:20,0,0,2
BRDA:22,1,0,1
BRDA:22,1,1,1
BRF:3
BRH:3
end_of_record
TN:
SF:src\modules\countries\services\UpdateCountryService.ts
FN:15,(anonymous_18)
FN:16,UpdateCountryService
FN:23,(anonymous_20)
FNF:3
FNH:3
FNDA:1,(anonymous_18)
FNDA:2,UpdateCountryService
FNDA:2,(anonymous_20)
DA:1,1
DA:2,1
DA:15,1
DA:18,2
DA:23,1
DA:24,2
DA:25,2
DA:26,2
DA:28,2
DA:30,2
DA:31,1
DA:34,1
DA:36,1
DA:38,1
DA:40,1
DA:42,1
LF:16
LH:16
BRDA:28,0,0,2
BRDA:30,1,0,1
BRDA:30,1,1,1
BRF:3
BRH:3
end_of_record
TN:
SF:src\modules\travels\services\CreateTravelService.ts
FN:16,(anonymous_18)
FN:17,CreateTravelService
FN:27,(anonymous_20)
FNF:3
FNH:3
FNDA:1,(anonymous_18)
FNDA:4,CreateTravelService
FNDA:5,(anonymous_20)
DA:1,1
DA:4,1
DA:16,1
DA:19,4
DA:22,4
DA:27,5
DA:28,5
DA:32,5
DA:33,1
DA:36,4
DA:41,4
DA:42,1
DA:45,3
DA:47,3
DA:49,3
DA:50,1
DA:53,2
DA:60,2
DA:62,1
DA:64,1
LF:20
LH:20
BRDA:28,0,0,5
BRDA:32,1,0,1
BRDA:32,1,1,4
BRDA:41,2,0,1
BRDA:41,2,1,3
BRDA:49,3,0,1
BRDA:49,3,1,2
BRDA:49,4,0,3
BRDA:49,4,1,3
BRF:9
BRH:9
end_of_record
TN:
SF:src\modules\travels\services\FindTravelsService.ts
FN:8,(anonymous_17)
FN:9,FindTravelsService
FN:16,(anonymous_19)
FNF:3
FNH:3
FNDA:1,(anonymous_17)
FNDA:1,FindTravelsService
FNDA:1,(anonymous_19)
DA:1,1
DA:8,1
DA:11,1
DA:16,1
DA:17,1
DA:19,1
DA:21,1
DA:23,1
LF:8
LH:8
BRDA:17,0,0,1
BRF:1
BRH:1
end_of_record
TN:
SF:src\modules\travels\services\RemoveTravelService.ts
FN:12,(anonymous_18)
FN:13,RemoveTravelService
FN:20,(anonymous_20)
FNF:3
FNH:3
FNDA:1,(anonymous_18)
FNDA:2,RemoveTravelService
FNDA:2,(anonymous_20)
DA:1,1
DA:3,1
DA:12,1
DA:15,2
DA:20,2
DA:21,2
DA:23,2
DA:24,1
DA:27,2
DA:29,1
DA:31,1
LF:11
LH:11
BRDA:21,0,0,2
BRDA:23,1,0,1
BRDA:23,1,1,1
BRF:3
BRH:3
end_of_record
TN:
SF:src\modules\travels\services\UpdateTravelService.ts
FN:15,(anonymous_18)
FN:16,UpdateTravelService
FN:23,(anonymous_20)
FNF:3
FNH:3
FNDA:1,(anonymous_18)
FNDA:4,UpdateTravelService
FNDA:4,(anonymous_20)
DA:1,1
DA:3,1
DA:15,1
DA:18,4
DA:23,4
DA:24,4
DA:26,4
DA:27,1
DA:30,3
DA:35,3
DA:36,1
DA:39,2
DA:41,2
DA:43,2
DA:44,1
DA:47,1
DA:48,1
DA:49,1
DA:51,1
DA:53,1
DA:55,1
LF:21
LH:21
BRDA:24,0,0,4
BRDA:26,1,0,1
BRDA:26,1,1,3
BRDA:35,2,0,1
BRDA:35,2,1,2
BRDA:43,3,0,1
BRDA:43,3,1,1
BRDA:43,4,0,2
BRDA:43,4,1,2
BRF:9
BRH:9
end_of_record
